-------------------------------------------------------------------------------
Test set: com.cognizant.controller.AuditCheckListControllerTest
-------------------------------------------------------------------------------
Tests run: 3, Failures: 0, Errors: 3, Skipped: 0, Time elapsed: 7.479 s <<< FAILURE! - in com.cognizant.controller.AuditCheckListControllerTest
testAuditChecklistTokenFails  Time elapsed: 0.01 s  <<< ERROR!
java.lang.IllegalStateException: Failed to load ApplicationContext
Caused by: org.springframework.beans.factory.BeanCreationException: 
Error creating bean with name 'entityManagerFactory' defined in class path resource [org/springframework/boot/autoconfigure/orm/jpa/HibernateJpaConfiguration.class]: Initialization of bean failed; nested exception is org.springframework.jdbc.datasource.init.ScriptStatementFailedException: Failed to execute SQL script statement #1 of URL [file:/C:/Users/HP/Documents/AUDIT/AuditChecklist/target/classes/data.sql]: insert into Audit_Questions values(1,'Internal','Have all Change requests followed SDLC before PROD move?','NO'); nested exception is org.h2.jdbc.JdbcSQLIntegrityConstraintViolationException: Unique index or primary key violation: "PRIMARY KEY ON PUBLIC.AUDIT_QUESTIONS(QUESTION_ID) [1, 'Internal', 'Have all Change requests followed SDLC before PROD move?', 'NO']"; SQL statement:
insert into Audit_Questions values(1,'Internal','Have all Change requests followed SDLC before PROD move?','NO') [23505-200]
Caused by: org.springframework.jdbc.datasource.init.ScriptStatementFailedException: 
Failed to execute SQL script statement #1 of URL [file:/C:/Users/HP/Documents/AUDIT/AuditChecklist/target/classes/data.sql]: insert into Audit_Questions values(1,'Internal','Have all Change requests followed SDLC before PROD move?','NO'); nested exception is org.h2.jdbc.JdbcSQLIntegrityConstraintViolationException: Unique index or primary key violation: "PRIMARY KEY ON PUBLIC.AUDIT_QUESTIONS(QUESTION_ID) [1, 'Internal', 'Have all Change requests followed SDLC before PROD move?', 'NO']"; SQL statement:
insert into Audit_Questions values(1,'Internal','Have all Change requests followed SDLC before PROD move?','NO') [23505-200]
Caused by: org.h2.jdbc.JdbcSQLIntegrityConstraintViolationException: 
Unique index or primary key violation: "PRIMARY KEY ON PUBLIC.AUDIT_QUESTIONS(QUESTION_ID) [1, 'Internal', 'Have all Change requests followed SDLC before PROD move?', 'NO']"; SQL statement:
insert into Audit_Questions values(1,'Internal','Have all Change requests followed SDLC before PROD move?','NO') [23505-200]

setup  Time elapsed: 0 s  <<< ERROR!
java.lang.IllegalStateException: Failed to load ApplicationContext
Caused by: org.springframework.beans.factory.BeanCreationException: 
Error creating bean with name 'entityManagerFactory' defined in class path resource [org/springframework/boot/autoconfigure/orm/jpa/HibernateJpaConfiguration.class]: Initialization of bean failed; nested exception is org.springframework.jdbc.datasource.init.ScriptStatementFailedException: Failed to execute SQL script statement #1 of URL [file:/C:/Users/HP/Documents/AUDIT/AuditChecklist/target/classes/data.sql]: insert into Audit_Questions values(1,'Internal','Have all Change requests followed SDLC before PROD move?','NO'); nested exception is org.h2.jdbc.JdbcSQLIntegrityConstraintViolationException: Unique index or primary key violation: "PRIMARY KEY ON PUBLIC.AUDIT_QUESTIONS(QUESTION_ID) [1, 'Internal', 'Have all Change requests followed SDLC before PROD move?', 'NO']"; SQL statement:
insert into Audit_Questions values(1,'Internal','Have all Change requests followed SDLC before PROD move?','NO') [23505-200]
Caused by: org.springframework.jdbc.datasource.init.ScriptStatementFailedException: 
Failed to execute SQL script statement #1 of URL [file:/C:/Users/HP/Documents/AUDIT/AuditChecklist/target/classes/data.sql]: insert into Audit_Questions values(1,'Internal','Have all Change requests followed SDLC before PROD move?','NO'); nested exception is org.h2.jdbc.JdbcSQLIntegrityConstraintViolationException: Unique index or primary key violation: "PRIMARY KEY ON PUBLIC.AUDIT_QUESTIONS(QUESTION_ID) [1, 'Internal', 'Have all Change requests followed SDLC before PROD move?', 'NO']"; SQL statement:
insert into Audit_Questions values(1,'Internal','Have all Change requests followed SDLC before PROD move?','NO') [23505-200]
Caused by: org.h2.jdbc.JdbcSQLIntegrityConstraintViolationException: 
Unique index or primary key violation: "PRIMARY KEY ON PUBLIC.AUDIT_QUESTIONS(QUESTION_ID) [1, 'Internal', 'Have all Change requests followed SDLC before PROD move?', 'NO']"; SQL statement:
insert into Audit_Questions values(1,'Internal','Have all Change requests followed SDLC before PROD move?','NO') [23505-200]

testGetChecklist  Time elapsed: 0.001 s  <<< ERROR!
java.lang.IllegalStateException: Failed to load ApplicationContext
Caused by: org.springframework.beans.factory.BeanCreationException: 
Error creating bean with name 'entityManagerFactory' defined in class path resource [org/springframework/boot/autoconfigure/orm/jpa/HibernateJpaConfiguration.class]: Initialization of bean failed; nested exception is org.springframework.jdbc.datasource.init.ScriptStatementFailedException: Failed to execute SQL script statement #1 of URL [file:/C:/Users/HP/Documents/AUDIT/AuditChecklist/target/classes/data.sql]: insert into Audit_Questions values(1,'Internal','Have all Change requests followed SDLC before PROD move?','NO'); nested exception is org.h2.jdbc.JdbcSQLIntegrityConstraintViolationException: Unique index or primary key violation: "PRIMARY KEY ON PUBLIC.AUDIT_QUESTIONS(QUESTION_ID) [1, 'Internal', 'Have all Change requests followed SDLC before PROD move?', 'NO']"; SQL statement:
insert into Audit_Questions values(1,'Internal','Have all Change requests followed SDLC before PROD move?','NO') [23505-200]
Caused by: org.springframework.jdbc.datasource.init.ScriptStatementFailedException: 
Failed to execute SQL script statement #1 of URL [file:/C:/Users/HP/Documents/AUDIT/AuditChecklist/target/classes/data.sql]: insert into Audit_Questions values(1,'Internal','Have all Change requests followed SDLC before PROD move?','NO'); nested exception is org.h2.jdbc.JdbcSQLIntegrityConstraintViolationException: Unique index or primary key violation: "PRIMARY KEY ON PUBLIC.AUDIT_QUESTIONS(QUESTION_ID) [1, 'Internal', 'Have all Change requests followed SDLC before PROD move?', 'NO']"; SQL statement:
insert into Audit_Questions values(1,'Internal','Have all Change requests followed SDLC before PROD move?','NO') [23505-200]
Caused by: org.h2.jdbc.JdbcSQLIntegrityConstraintViolationException: 
Unique index or primary key violation: "PRIMARY KEY ON PUBLIC.AUDIT_QUESTIONS(QUESTION_ID) [1, 'Internal', 'Have all Change requests followed SDLC before PROD move?', 'NO']"; SQL statement:
insert into Audit_Questions values(1,'Internal','Have all Change requests followed SDLC before PROD move?','NO') [23505-200]

